<?xml version="1.0" encoding="UTF-8"?>
<testng-results skipped="0" failed="0" total="1" passed="1">
  <reporter-output>
  </reporter-output>
  <suite name="Surefire suite" duration-ms="24" started-at="2019-03-07T12:36:03Z" finished-at="2019-03-07T12:36:04Z">
    <groups>
    </groups>
    <test name="Surefire test" duration-ms="24" started-at="2019-03-07T12:36:03Z" finished-at="2019-03-07T12:36:04Z">
      <class name="com.project.app.AppTest">
        <test-method status="PASS" signature="shouldAnswerWithTrue()[pri:0, instance:shouldAnswerWithTrue(com.project.app.AppTest)]" name="shouldAnswerWithTrue" duration-ms="1" started-at="2019-03-07T18:06:04Z" finished-at="2019-03-07T18:06:04Z">
          <reporter-output>
          </reporter-output>
        </test-method> <!-- shouldAnswerWithTrue -->
      </class> <!-- com.project.app.AppTest -->
    </test> <!-- Surefire test -->
  </suite> <!-- Surefire suite -->
</testng-results>
