<?xml version="1.0" encoding="UTF-8"?>
<testng-results skipped="0" failed="0" total="1" passed="1">
  <reporter-output>
  </reporter-output>
  <suite name="Default suite" duration-ms="233623" started-at="2020-01-13T15:08:54Z" finished-at="2020-01-13T15:12:48Z">
    <groups>
    </groups>
    <test name="Default test" duration-ms="233623" started-at="2020-01-13T15:08:54Z" finished-at="2020-01-13T15:12:48Z">
      <class name="epsTest.NewTenderTest">
        <test-method status="PASS" signature="initialize()[pri:0, instance:epsTest.NewTenderTest@5f375618]" name="initialize" is-config="true" duration-ms="91859" started-at="2020-01-13T20:38:54Z" finished-at="2020-01-13T20:40:26Z">
          <reporter-output>
          </reporter-output>
        </test-method> <!-- initialize -->
        <test-method status="PASS" signature="NewTender()[pri:0, instance:epsTest.NewTenderTest@5f375618]" name="NewTender" duration-ms="139648" started-at="2020-01-13T20:40:26Z" finished-at="2020-01-13T20:42:46Z">
          <reporter-output>
          </reporter-output>
        </test-method> <!-- NewTender -->
        <test-method status="PASS" signature="teardown()[pri:0, instance:epsTest.NewTenderTest@5f375618]" name="teardown" is-config="true" duration-ms="2078" started-at="2020-01-13T20:42:46Z" finished-at="2020-01-13T20:42:48Z">
          <reporter-output>
          </reporter-output>
        </test-method> <!-- teardown -->
      </class> <!-- epsTest.NewTenderTest -->
    </test> <!-- Default test -->
  </suite> <!-- Default suite -->
</testng-results>
