<?xml version="1.0" encoding="UTF-8"?>
<!-- Generated by org.testng.reporters.JUnitXMLReporter -->
<testsuite hostname="ArkaDey-PC" name="Views" tests="4" failures="4" timestamp="15 Jun 2019 10:22:49 GMT" time="82.936" errors="0">
  <testcase name="@AfterTest teardown" time="0.0" classname="edaTest.ViewEditTest">
    <failure type="java.lang.NullPointerException">
      <![CDATA[java.lang.NullPointerException
	at edaTest.ViewEditTest.teardown(ViewEditTest.java:125)
... Removed 22 stack frames]]>
    </failure>
  </testcase> <!-- @AfterTest teardown -->
  <testcase name="@AfterTest teardown" time="0.0" classname="edaTest.ViewEditTest">
    <skipped/>
  </testcase> <!-- @AfterTest teardown -->
  <testcase name="ViewAdd4MultiSelect" time="33.798" classname="edaTest.ViewAddTest">
    <failure type="org.junit.ComparisonFailure" message="expected:&amp;lt;goo[]gle&amp;gt; but was:&amp;lt;goo[oo]gle&amp;gt;">
      <![CDATA[org.junit.ComparisonFailure: expected:<goo[]gle> but was:<goo[oo]gle>
	at org.junit.Assert.assertEquals(Assert.java:115)
	at org.junit.Assert.assertEquals(Assert.java:144)
	at edaTest.ViewAddTest.ViewAdd4MultiSelect(ViewAddTest.java:181)
... Removed 24 stack frames]]>
    </failure>
  </testcase> <!-- ViewAdd4MultiSelect -->
  <testcase name="ViewAdd4SingleSelect" time="30.815" classname="edaTest.ViewAddTest">
    <failure type="org.junit.ComparisonFailure" message="expected:&amp;lt;goo[]gle&amp;gt; but was:&amp;lt;goo[oo]gle&amp;gt;">
      <![CDATA[org.junit.ComparisonFailure: expected:<goo[]gle> but was:<goo[oo]gle>
	at org.junit.Assert.assertEquals(Assert.java:115)
	at org.junit.Assert.assertEquals(Assert.java:144)
	at edaTest.ViewAddTest.ViewAdd4SingleSelect(ViewAddTest.java:103)
... Removed 24 stack frames]]>
    </failure>
  </testcase> <!-- ViewAdd4SingleSelect -->
  <testcase name="ViewEdit" time="0.002" classname="edaTest.ViewEditTest">
    <failure type="java.lang.NullPointerException">
      <![CDATA[java.lang.NullPointerException
	at edaTest.ViewEditTest.ViewEdit(ViewEditTest.java:47)
... Removed 24 stack frames]]>
    </failure>
  </testcase> <!-- ViewEdit -->
  <testcase name="ViewEdit" time="0.006" classname="edaTest.ViewEditTest">
    <failure type="java.lang.NullPointerException">
      <![CDATA[java.lang.NullPointerException
	at resource.Base.getScreenshot(Base.java:62)
	at edaTest.Listeners.onTestFailure(Listeners.java:42)
... Removed 21 stack frames]]>
    </failure>
  </testcase> <!-- ViewEdit -->
</testsuite> <!-- Views -->
